{"D:\\rs-react\\react-testing\\src\\components\\Article.tsx": {"path":"D:\\rs-react\\react-testing\\src\\components\\Article.tsx","statementMap":{"0":{"start":{"line":6,"column":2},"end":{"line":14,"column":4}}},"fnMap":{"0":{"name":"Article","decl":{"start":{"line":5,"column":9},"end":{"line":5,"column":16}},"loc":{"start":{"line":5,"column":57},"end":{"line":15,"column":1}},"line":5}},"branchMap":{},"s":{"0":1},"f":{"0":1},"b":{},"_coverageSchema":"1a1c01bbd47fc00a2c39e90264f33305004495a9","hash":"d67dd7b0a7fe57b4909d41a9dc15a353df99a2c9"}
,"D:\\rs-react\\react-testing\\src\\components\\Menu.tsx": {"path":"D:\\rs-react\\react-testing\\src\\components\\Menu.tsx","statementMap":{"0":{"start":{"line":6,"column":2},"end":{"line":21,"column":4}}},"fnMap":{"0":{"name":"Menu","decl":{"start":{"line":5,"column":9},"end":{"line":5,"column":13}},"loc":{"start":{"line":5,"column":29},"end":{"line":22,"column":1}},"line":5}},"branchMap":{},"s":{"0":1},"f":{"0":1},"b":{},"_coverageSchema":"1a1c01bbd47fc00a2c39e90264f33305004495a9","hash":"23bceb3d1b7dbf9b67a6b3c87fc15e22b99a79b2"}
,"D:\\rs-react\\react-testing\\src\\components\\Pagination.tsx": {"path":"D:\\rs-react\\react-testing\\src\\components\\Pagination.tsx","statementMap":{"0":{"start":{"line":12,"column":32},"end":{"line":12,"column":34}},"1":{"start":{"line":14,"column":2},"end":{"line":16,"column":3}},"2":{"start":{"line":14,"column":15},"end":{"line":14,"column":16}},"3":{"start":{"line":15,"column":4},"end":{"line":15,"column":24}},"4":{"start":{"line":18,"column":17},"end":{"line":32,"column":4}},"5":{"start":{"line":19,"column":4},"end":{"line":31,"column":6}},"6":{"start":{"line":25,"column":12},"end":{"line":25,"column":27}},"7":{"start":{"line":34,"column":2},"end":{"line":38,"column":4}}},"fnMap":{"0":{"name":"Pagination","decl":{"start":{"line":6,"column":9},"end":{"line":6,"column":19}},"loc":{"start":{"line":11,"column":33},"end":{"line":39,"column":1}},"line":11},"1":{"name":"(anonymous_1)","decl":{"start":{"line":18,"column":33},"end":{"line":18,"column":34}},"loc":{"start":{"line":18,"column":43},"end":{"line":32,"column":3}},"line":18},"2":{"name":"(anonymous_2)","decl":{"start":{"line":24,"column":19},"end":{"line":24,"column":20}},"loc":{"start":{"line":24,"column":25},"end":{"line":26,"column":11}},"line":24}},"branchMap":{"0":{"loc":{"start":{"line":23,"column":33},"end":{"line":23,"column":75}},"type":"cond-expr","locations":[{"start":{"line":23,"column":56},"end":{"line":23,"column":70}},{"start":{"line":23,"column":73},"end":{"line":23,"column":75}}],"line":23}},"s":{"0":5,"1":5,"2":5,"3":2,"4":5,"5":2,"6":1,"7":5},"f":{"0":5,"1":2,"2":1},"b":{"0":[1,1]},"_coverageSchema":"1a1c01bbd47fc00a2c39e90264f33305004495a9","hash":"c5dba30797b2808cfe57a6101d793b8abf54a905"}
,"D:\\rs-react\\react-testing\\src\\components\\Search.tsx": {"path":"D:\\rs-react\\react-testing\\src\\components\\Search.tsx","statementMap":{"0":{"start":{"line":8,"column":19},"end":{"line":8,"column":32}},"1":{"start":{"line":9,"column":22},"end":{"line":9,"column":64}},"2":{"start":{"line":9,"column":49},"end":{"line":9,"column":63}},"3":{"start":{"line":10,"column":22},"end":{"line":10,"column":80}},"4":{"start":{"line":10,"column":49},"end":{"line":10,"column":79}},"5":{"start":{"line":11,"column":24},"end":{"line":11,"column":80}},"6":{"start":{"line":11,"column":51},"end":{"line":11,"column":79}},"7":{"start":{"line":14,"column":4},"end":{"line":14,"column":27}},"8":{"start":{"line":15,"column":4},"end":{"line":15,"column":56}},"9":{"start":{"line":19,"column":4},"end":{"line":19,"column":52}},"10":{"start":{"line":22,"column":2},"end":{"line":37,"column":4}},"11":{"start":{"line":30,"column":31},"end":{"line":30,"column":50}}},"fnMap":{"0":{"name":"Search","decl":{"start":{"line":7,"column":9},"end":{"line":7,"column":15}},"loc":{"start":{"line":7,"column":31},"end":{"line":38,"column":1}},"line":7},"1":{"name":"(anonymous_1)","decl":{"start":{"line":9,"column":38},"end":{"line":9,"column":39}},"loc":{"start":{"line":9,"column":49},"end":{"line":9,"column":63}},"line":9},"2":{"name":"(anonymous_2)","decl":{"start":{"line":10,"column":38},"end":{"line":10,"column":39}},"loc":{"start":{"line":10,"column":49},"end":{"line":10,"column":79}},"line":10},"3":{"name":"(anonymous_3)","decl":{"start":{"line":11,"column":40},"end":{"line":11,"column":41}},"loc":{"start":{"line":11,"column":51},"end":{"line":11,"column":79}},"line":11},"4":{"name":"handleSubmit","decl":{"start":{"line":13,"column":11},"end":{"line":13,"column":23}},"loc":{"start":{"line":13,"column":59},"end":{"line":16,"column":3}},"line":13},"5":{"name":"handleChange","decl":{"start":{"line":18,"column":11},"end":{"line":18,"column":23}},"loc":{"start":{"line":18,"column":62},"end":{"line":20,"column":3}},"line":18},"6":{"name":"(anonymous_6)","decl":{"start":{"line":30,"column":20},"end":{"line":30,"column":21}},"loc":{"start":{"line":30,"column":31},"end":{"line":30,"column":50}},"line":30}},"branchMap":{"0":{"loc":{"start":{"line":34,"column":9},"end":{"line":34,"column":42}},"type":"cond-expr","locations":[{"start":{"line":34,"column":19},"end":{"line":34,"column":31}},{"start":{"line":34,"column":34},"end":{"line":34,"column":42}}],"line":34}},"s":{"0":6,"1":6,"2":12,"3":6,"4":12,"5":6,"6":12,"7":1,"8":1,"9":1,"10":6,"11":1},"f":{"0":6,"1":12,"2":12,"3":12,"4":1,"5":1,"6":1},"b":{"0":[0,6]},"_coverageSchema":"1a1c01bbd47fc00a2c39e90264f33305004495a9","hash":"257a7f06a7a475003cdc8f2f6942978763972d8c"}
,"D:\\rs-react\\react-testing\\src\\components\\SelectSort.tsx": {"path":"D:\\rs-react\\react-testing\\src\\components\\SelectSort.tsx","statementMap":{"0":{"start":{"line":6,"column":19},"end":{"line":6,"column":32}},"1":{"start":{"line":9,"column":4},"end":{"line":9,"column":49}},"2":{"start":{"line":12,"column":2},"end":{"line":36,"column":4}},"3":{"start":{"line":19,"column":10},"end":{"line":19,"column":29}}},"fnMap":{"0":{"name":"SelectSort","decl":{"start":{"line":5,"column":9},"end":{"line":5,"column":19}},"loc":{"start":{"line":5,"column":35},"end":{"line":37,"column":1}},"line":5},"1":{"name":"hundleValue","decl":{"start":{"line":8,"column":11},"end":{"line":8,"column":22}},"loc":{"start":{"line":8,"column":68},"end":{"line":10,"column":3}},"line":8},"2":{"name":"(anonymous_2)","decl":{"start":{"line":18,"column":18},"end":{"line":18,"column":19}},"loc":{"start":{"line":18,"column":29},"end":{"line":20,"column":9}},"line":18}},"branchMap":{},"s":{"0":5,"1":1,"2":5,"3":1},"f":{"0":5,"1":1,"2":1},"b":{},"_coverageSchema":"1a1c01bbd47fc00a2c39e90264f33305004495a9","hash":"d651fb70e5a3318feabf5e4809fadd9eeafa5bcc"}
,"D:\\rs-react\\react-testing\\src\\components\\Table.tsx": {"path":"D:\\rs-react\\react-testing\\src\\components\\Table.tsx","statementMap":{"0":{"start":{"line":6,"column":2},"end":{"line":18,"column":4}}},"fnMap":{"0":{"name":"Table","decl":{"start":{"line":5,"column":9},"end":{"line":5,"column":14}},"loc":{"start":{"line":5,"column":57},"end":{"line":19,"column":1}},"line":5}},"branchMap":{"0":{"loc":{"start":{"line":8,"column":55},"end":{"line":8,"column":90}},"type":"cond-expr","locations":[{"start":{"line":8,"column":77},"end":{"line":8,"column":85}},{"start":{"line":8,"column":88},"end":{"line":8,"column":90}}],"line":8}},"s":{"0":6},"f":{"0":6},"b":{"0":[5,1]},"_coverageSchema":"1a1c01bbd47fc00a2c39e90264f33305004495a9","hash":"262387bd86cc1d794fd3143011142bbf8f3e56b4"}
,"D:\\rs-react\\react-testing\\src\\hooks\\useTypeSelector.ts": {"path":"D:\\rs-react\\react-testing\\src\\hooks\\useTypeSelector.ts","statementMap":{"0":{"start":{"line":4,"column":64},"end":{"line":4,"column":75}}},"fnMap":{},"branchMap":{},"s":{"0":2},"f":{},"b":{},"_coverageSchema":"1a1c01bbd47fc00a2c39e90264f33305004495a9","hash":"9a8711ad08b9b764640cf5727e6cb563e2bceda7"}
,"D:\\rs-react\\react-testing\\src\\intefaces\\interfaces.ts": {"path":"D:\\rs-react\\react-testing\\src\\intefaces\\interfaces.ts","statementMap":{"0":{"start":{"line":35,"column":30},"end":{"line":35,"column":46}},"1":{"start":{"line":36,"column":38},"end":{"line":36,"column":62}},"2":{"start":{"line":37,"column":36},"end":{"line":37,"column":58}},"3":{"start":{"line":38,"column":28},"end":{"line":38,"column":42}},"4":{"start":{"line":39,"column":26},"end":{"line":39,"column":38}}},"fnMap":{},"branchMap":{},"s":{"0":5,"1":5,"2":5,"3":5,"4":5},"f":{},"b":{},"_coverageSchema":"1a1c01bbd47fc00a2c39e90264f33305004495a9","hash":"5e68236664133381a1a560173d88fb8f6b7e38c1"}
,"D:\\rs-react\\react-testing\\src\\pages\\About.tsx": {"path":"D:\\rs-react\\react-testing\\src\\pages\\About.tsx","statementMap":{"0":{"start":{"line":4,"column":2},"end":{"line":8,"column":4}}},"fnMap":{"0":{"name":"About","decl":{"start":{"line":3,"column":9},"end":{"line":3,"column":14}},"loc":{"start":{"line":3,"column":30},"end":{"line":9,"column":1}},"line":3}},"branchMap":{},"s":{"0":1},"f":{"0":1},"b":{},"_coverageSchema":"1a1c01bbd47fc00a2c39e90264f33305004495a9","hash":"ff062c3289d4a87834bd535abb61223b8506264c"}
,"D:\\rs-react\\react-testing\\src\\pages\\Main.tsx": {"path":"D:\\rs-react\\react-testing\\src\\pages\\Main.tsx","statementMap":{"0":{"start":{"line":13,"column":40},"end":{"line":13,"column":51}},"1":{"start":{"line":14,"column":48},"end":{"line":14,"column":60}},"2":{"start":{"line":16,"column":23},"end":{"line":16,"column":65}},"3":{"start":{"line":16,"column":50},"end":{"line":16,"column":64}},"4":{"start":{"line":19,"column":4},"end":{"line":23,"column":5}},"5":{"start":{"line":20,"column":6},"end":{"line":20,"column":29}},"6":{"start":{"line":22,"column":6},"end":{"line":22,"column":33}},"7":{"start":{"line":26,"column":27},"end":{"line":26,"column":56}},"8":{"start":{"line":27,"column":27},"end":{"line":27,"column":61}},"9":{"start":{"line":28,"column":25},"end":{"line":28,"column":75}},"10":{"start":{"line":30,"column":32},"end":{"line":30,"column":34}},"11":{"start":{"line":32,"column":2},"end":{"line":54,"column":3}},"12":{"start":{"line":32,"column":15},"end":{"line":32,"column":16}},"13":{"start":{"line":33,"column":4},"end":{"line":53,"column":5}},"14":{"start":{"line":34,"column":6},"end":{"line":50,"column":8}},"15":{"start":{"line":44,"column":37},"end":{"line":44,"column":66}},"16":{"start":{"line":52,"column":6},"end":{"line":52,"column":12}},"17":{"start":{"line":57,"column":4},"end":{"line":57,"column":31}},"18":{"start":{"line":60,"column":2},"end":{"line":84,"column":4}},"19":{"start":{"line":72,"column":29},"end":{"line":72,"column":78}}},"fnMap":{"0":{"name":"Main","decl":{"start":{"line":12,"column":9},"end":{"line":12,"column":13}},"loc":{"start":{"line":12,"column":58},"end":{"line":85,"column":1}},"line":12},"1":{"name":"(anonymous_1)","decl":{"start":{"line":16,"column":39},"end":{"line":16,"column":40}},"loc":{"start":{"line":16,"column":50},"end":{"line":16,"column":64}},"line":16},"2":{"name":"handleArticlesPerPage","decl":{"start":{"line":18,"column":11},"end":{"line":18,"column":32}},"loc":{"start":{"line":18,"column":49},"end":{"line":24,"column":3}},"line":18},"3":{"name":"(anonymous_3)","decl":{"start":{"line":44,"column":31},"end":{"line":44,"column":32}},"loc":{"start":{"line":44,"column":37},"end":{"line":44,"column":66}},"line":44},"4":{"name":"paginate","decl":{"start":{"line":56,"column":11},"end":{"line":56,"column":19}},"loc":{"start":{"line":56,"column":40},"end":{"line":58,"column":3}},"line":56},"5":{"name":"(anonymous_5)","decl":{"start":{"line":72,"column":18},"end":{"line":72,"column":19}},"loc":{"start":{"line":72,"column":29},"end":{"line":72,"column":78}},"line":72}},"branchMap":{"0":{"loc":{"start":{"line":19,"column":4},"end":{"line":23,"column":5}},"type":"if","locations":[{"start":{"line":19,"column":4},"end":{"line":23,"column":5}},{"start":{"line":19,"column":4},"end":{"line":23,"column":5}}],"line":19},"1":{"loc":{"start":{"line":33,"column":4},"end":{"line":53,"column":5}},"type":"if","locations":[{"start":{"line":33,"column":4},"end":{"line":53,"column":5}},{"start":{"line":33,"column":4},"end":{"line":53,"column":5}}],"line":33}},"s":{"0":4,"1":4,"2":4,"3":8,"4":1,"5":0,"6":1,"7":4,"8":4,"9":4,"10":4,"11":4,"12":4,"13":0,"14":0,"15":0,"16":0,"17":0,"18":4,"19":1},"f":{"0":4,"1":8,"2":1,"3":0,"4":0,"5":1},"b":{"0":[0,1],"1":[0,0]},"_coverageSchema":"1a1c01bbd47fc00a2c39e90264f33305004495a9","hash":"8e7c55b637188f992a12ef213c7062938d8426ef"}
,"D:\\rs-react\\react-testing\\src\\pages\\PageNotFound.tsx": {"path":"D:\\rs-react\\react-testing\\src\\pages\\PageNotFound.tsx","statementMap":{"0":{"start":{"line":5,"column":2},"end":{"line":5,"column":46}},"1":{"start":{"line":7,"column":2},"end":{"line":12,"column":4}}},"fnMap":{"0":{"name":"PageNotFound","decl":{"start":{"line":4,"column":9},"end":{"line":4,"column":21}},"loc":{"start":{"line":4,"column":37},"end":{"line":13,"column":1}},"line":4}},"branchMap":{},"s":{"0":1,"1":1},"f":{"0":1},"b":{},"_coverageSchema":"1a1c01bbd47fc00a2c39e90264f33305004495a9","hash":"3a60da0edab8f70539b0b5b87d281f2a18457f9d"}
,"D:\\rs-react\\react-testing\\src\\services\\api.ts": {"path":"D:\\rs-react\\react-testing\\src\\services\\api.ts","statementMap":{"0":{"start":{"line":3,"column":22},"end":{"line":6,"column":2}}},"fnMap":{},"branchMap":{},"s":{"0":2},"f":{},"b":{},"_coverageSchema":"1a1c01bbd47fc00a2c39e90264f33305004495a9","hash":"e70ec1b1930ed90f5127e7d6157498494ad1b9ad"}
,"D:\\rs-react\\react-testing\\src\\store\\index.ts": {"path":"D:\\rs-react\\react-testing\\src\\store\\index.ts","statementMap":{"0":{"start":{"line":9,"column":20},"end":{"line":13,"column":2}},"1":{"start":{"line":15,"column":21},"end":{"line":15,"column":90}}},"fnMap":{},"branchMap":{},"s":{"0":3,"1":3},"f":{},"b":{},"_coverageSchema":"1a1c01bbd47fc00a2c39e90264f33305004495a9","hash":"f69547e254a302055e80002cc5187de887105459"}
,"D:\\rs-react\\react-testing\\src\\store\\action-creator\\article.ts": {"path":"D:\\rs-react\\react-testing\\src\\store\\action-creator\\article.ts","statementMap":{"0":{"start":{"line":14,"column":16},"end":{"line":14,"column":50}},"1":{"start":{"line":16,"column":29},"end":{"line":37,"column":1}},"2":{"start":{"line":17,"column":2},"end":{"line":36,"column":4}},"3":{"start":{"line":18,"column":4},"end":{"line":35,"column":5}},"4":{"start":{"line":19,"column":6},"end":{"line":19,"column":41}},"5":{"start":{"line":20,"column":52},"end":{"line":22,"column":7}},"6":{"start":{"line":24,"column":33},"end":{"line":28,"column":8}},"7":{"start":{"line":25,"column":18},"end":{"line":25,"column":22}},"8":{"start":{"line":26,"column":8},"end":{"line":26,"column":31}},"9":{"start":{"line":27,"column":8},"end":{"line":27,"column":17}},"10":{"start":{"line":29,"column":6},"end":{"line":29,"column":62}},"11":{"start":{"line":30,"column":6},"end":{"line":32,"column":14}},"12":{"start":{"line":31,"column":8},"end":{"line":31,"column":68}},"13":{"start":{"line":34,"column":6},"end":{"line":34,"column":86}}},"fnMap":{"0":{"name":"(anonymous_0)","decl":{"start":{"line":16,"column":29},"end":{"line":16,"column":30}},"loc":{"start":{"line":16,"column":73},"end":{"line":37,"column":1}},"line":16},"1":{"name":"(anonymous_1)","decl":{"start":{"line":17,"column":9},"end":{"line":17,"column":10}},"loc":{"start":{"line":17,"column":69},"end":{"line":36,"column":3}},"line":17},"2":{"name":"(anonymous_2)","decl":{"start":{"line":24,"column":60},"end":{"line":24,"column":61}},"loc":{"start":{"line":24,"column":70},"end":{"line":28,"column":7}},"line":24},"3":{"name":"(anonymous_3)","decl":{"start":{"line":30,"column":17},"end":{"line":30,"column":18}},"loc":{"start":{"line":30,"column":23},"end":{"line":32,"column":7}},"line":30}},"branchMap":{},"s":{"0":2,"1":2,"2":1,"3":1,"4":1,"5":1,"6":0,"7":0,"8":0,"9":0,"10":0,"11":0,"12":0,"13":1},"f":{"0":1,"1":1,"2":0,"3":0},"b":{},"_coverageSchema":"1a1c01bbd47fc00a2c39e90264f33305004495a9","hash":"f2d1d99103b1a5690d361badefee519c79cc5692"}
,"D:\\rs-react\\react-testing\\src\\store\\action-creator\\search-value.ts": {"path":"D:\\rs-react\\react-testing\\src\\store\\action-creator\\search-value.ts","statementMap":{"0":{"start":{"line":4,"column":33},"end":{"line":8,"column":1}},"1":{"start":{"line":5,"column":2},"end":{"line":7,"column":4}},"2":{"start":{"line":6,"column":4},"end":{"line":6,"column":53}}},"fnMap":{"0":{"name":"(anonymous_0)","decl":{"start":{"line":4,"column":33},"end":{"line":4,"column":34}},"loc":{"start":{"line":4,"column":52},"end":{"line":8,"column":1}},"line":4},"1":{"name":"(anonymous_1)","decl":{"start":{"line":5,"column":9},"end":{"line":5,"column":10}},"loc":{"start":{"line":5,"column":54},"end":{"line":7,"column":3}},"line":5}},"branchMap":{},"s":{"0":2,"1":1,"2":1},"f":{"0":1,"1":1},"b":{},"_coverageSchema":"1a1c01bbd47fc00a2c39e90264f33305004495a9","hash":"80bb1ef9fa805dc777451145233096fbfa2fa00e"}
,"D:\\rs-react\\react-testing\\src\\store\\action-creator\\sort-type.ts": {"path":"D:\\rs-react\\react-testing\\src\\store\\action-creator\\sort-type.ts","statementMap":{"0":{"start":{"line":4,"column":30},"end":{"line":8,"column":1}},"1":{"start":{"line":5,"column":2},"end":{"line":7,"column":4}},"2":{"start":{"line":6,"column":4},"end":{"line":6,"column":51}}},"fnMap":{"0":{"name":"(anonymous_0)","decl":{"start":{"line":4,"column":30},"end":{"line":4,"column":31}},"loc":{"start":{"line":4,"column":49},"end":{"line":8,"column":1}},"line":4},"1":{"name":"(anonymous_1)","decl":{"start":{"line":5,"column":9},"end":{"line":5,"column":10}},"loc":{"start":{"line":5,"column":52},"end":{"line":7,"column":3}},"line":5}},"branchMap":{},"s":{"0":2,"1":1,"2":1},"f":{"0":1,"1":1},"b":{},"_coverageSchema":"1a1c01bbd47fc00a2c39e90264f33305004495a9","hash":"24a3ff03ad81f02965a0fc47e76ce4158de0afa6"}
,"D:\\rs-react\\react-testing\\src\\store\\reducers\\articlesReducer.ts": {"path":"D:\\rs-react\\react-testing\\src\\store\\reducers\\articlesReducer.ts","statementMap":{"0":{"start":{"line":10,"column":29},"end":{"line":10,"column":60}},"1":{"start":{"line":14,"column":2},"end":{"line":14,"column":39}},"2":{"start":{"line":16,"column":0},"end":{"line":20,"column":1}},"3":{"start":{"line":17,"column":2},"end":{"line":17,"column":24}},"4":{"start":{"line":19,"column":2},"end":{"line":19,"column":14}},"5":{"start":{"line":22,"column":36},"end":{"line":26,"column":1}},"6":{"start":{"line":28,"column":30},"end":{"line":39,"column":1}},"7":{"start":{"line":29,"column":2},"end":{"line":38,"column":3}},"8":{"start":{"line":31,"column":6},"end":{"line":31,"column":58}},"9":{"start":{"line":33,"column":6},"end":{"line":33,"column":71}},"10":{"start":{"line":35,"column":6},"end":{"line":35,"column":69}},"11":{"start":{"line":37,"column":6},"end":{"line":37,"column":19}}},"fnMap":{"0":{"name":"parse","decl":{"start":{"line":13,"column":9},"end":{"line":13,"column":14}},"loc":{"start":{"line":13,"column":28},"end":{"line":15,"column":1}},"line":13},"1":{"name":"(anonymous_1)","decl":{"start":{"line":28,"column":30},"end":{"line":28,"column":31}},"loc":{"start":{"line":28,"column":94},"end":{"line":39,"column":1}},"line":28}},"branchMap":{"0":{"loc":{"start":{"line":16,"column":0},"end":{"line":20,"column":1}},"type":"if","locations":[{"start":{"line":16,"column":0},"end":{"line":20,"column":1}},{"start":{"line":16,"column":0},"end":{"line":20,"column":1}}],"line":16},"1":{"loc":{"start":{"line":28,"column":31},"end":{"line":28,"column":51}},"type":"default-arg","locations":[{"start":{"line":28,"column":39},"end":{"line":28,"column":51}}],"line":28},"2":{"loc":{"start":{"line":29,"column":2},"end":{"line":38,"column":3}},"type":"switch","locations":[{"start":{"line":30,"column":4},"end":{"line":31,"column":58}},{"start":{"line":32,"column":4},"end":{"line":33,"column":71}},{"start":{"line":34,"column":4},"end":{"line":35,"column":69}},{"start":{"line":36,"column":4},"end":{"line":37,"column":19}}],"line":29}},"s":{"0":4,"1":0,"2":4,"3":0,"4":4,"5":4,"6":4,"7":16,"8":2,"9":1,"10":2,"11":11},"f":{"0":0,"1":16},"b":{"0":[0,4],"1":[12],"2":[2,1,2,11]},"_coverageSchema":"1a1c01bbd47fc00a2c39e90264f33305004495a9","hash":"5a6fb47072070b341e4616a9df8f690eae6812a7"}
,"D:\\rs-react\\react-testing\\src\\store\\reducers\\searchReducer.ts": {"path":"D:\\rs-react\\react-testing\\src\\store\\reducers\\searchReducer.ts","statementMap":{"0":{"start":{"line":3,"column":35},"end":{"line":5,"column":1}},"1":{"start":{"line":7,"column":28},"end":{"line":14,"column":1}},"2":{"start":{"line":8,"column":2},"end":{"line":13,"column":3}},"3":{"start":{"line":10,"column":6},"end":{"line":10,"column":45}},"4":{"start":{"line":12,"column":6},"end":{"line":12,"column":19}}},"fnMap":{"0":{"name":"(anonymous_0)","decl":{"start":{"line":7,"column":28},"end":{"line":7,"column":29}},"loc":{"start":{"line":7,"column":91},"end":{"line":14,"column":1}},"line":7}},"branchMap":{"0":{"loc":{"start":{"line":7,"column":29},"end":{"line":7,"column":49}},"type":"default-arg","locations":[{"start":{"line":7,"column":37},"end":{"line":7,"column":49}}],"line":7},"1":{"loc":{"start":{"line":8,"column":2},"end":{"line":13,"column":3}},"type":"switch","locations":[{"start":{"line":9,"column":4},"end":{"line":10,"column":45}},{"start":{"line":11,"column":4},"end":{"line":12,"column":19}}],"line":8}},"s":{"0":4,"1":4,"2":14,"3":2,"4":12},"f":{"0":14},"b":{"0":[10],"1":[2,12]},"_coverageSchema":"1a1c01bbd47fc00a2c39e90264f33305004495a9","hash":"bc390034b68054d826edaa762de455ec092bfa86"}
,"D:\\rs-react\\react-testing\\src\\store\\reducers\\sortReduce.ts": {"path":"D:\\rs-react\\react-testing\\src\\store\\reducers\\sortReduce.ts","statementMap":{"0":{"start":{"line":3,"column":37},"end":{"line":5,"column":1}},"1":{"start":{"line":7,"column":26},"end":{"line":14,"column":1}},"2":{"start":{"line":8,"column":2},"end":{"line":13,"column":3}},"3":{"start":{"line":10,"column":6},"end":{"line":10,"column":42}},"4":{"start":{"line":12,"column":6},"end":{"line":12,"column":19}}},"fnMap":{"0":{"name":"(anonymous_0)","decl":{"start":{"line":7,"column":26},"end":{"line":7,"column":27}},"loc":{"start":{"line":7,"column":89},"end":{"line":14,"column":1}},"line":7}},"branchMap":{"0":{"loc":{"start":{"line":7,"column":27},"end":{"line":7,"column":47}},"type":"default-arg","locations":[{"start":{"line":7,"column":35},"end":{"line":7,"column":47}}],"line":7},"1":{"loc":{"start":{"line":8,"column":2},"end":{"line":13,"column":3}},"type":"switch","locations":[{"start":{"line":9,"column":4},"end":{"line":10,"column":42}},{"start":{"line":11,"column":4},"end":{"line":12,"column":19}}],"line":8}},"s":{"0":3,"1":3,"2":13,"3":1,"4":12},"f":{"0":13},"b":{"0":[9],"1":[1,12]},"_coverageSchema":"1a1c01bbd47fc00a2c39e90264f33305004495a9","hash":"cf5355460fdea10fec558638229b18dc8aeb8d64"}
}
