TN:
SF:src\components\Article.tsx
FN:5,Article
FNF:1
FNH:1
FNDA:1,Article
DA:6,1
LF:1
LH:1
BRF:0
BRH:0
end_of_record
TN:
SF:src\components\Menu.tsx
FN:5,Menu
FNF:1
FNH:1
FNDA:1,Menu
DA:6,1
LF:1
LH:1
BRF:0
BRH:0
end_of_record
TN:
SF:src\components\Pagination.tsx
FN:6,Pagination
FN:18,(anonymous_1)
FN:24,(anonymous_2)
FNF:3
FNH:3
FNDA:5,Pagination
FNDA:2,(anonymous_1)
FNDA:1,(anonymous_2)
DA:12,5
DA:14,5
DA:15,2
DA:18,5
DA:19,2
DA:25,1
DA:34,5
LF:7
LH:7
BRDA:23,0,0,1
BRDA:23,0,1,1
BRF:2
BRH:2
end_of_record
TN:
SF:src\components\Search.tsx
FN:7,Search
FN:9,(anonymous_1)
FN:10,(anonymous_2)
FN:11,(anonymous_3)
FN:13,handleSubmit
FN:18,handleChange
FN:30,(anonymous_6)
FNF:7
FNH:7
FNDA:6,Search
FNDA:12,(anonymous_1)
FNDA:12,(anonymous_2)
FNDA:12,(anonymous_3)
FNDA:1,handleSubmit
FNDA:1,handleChange
FNDA:1,(anonymous_6)
DA:8,6
DA:9,12
DA:10,12
DA:11,12
DA:14,1
DA:15,1
DA:19,1
DA:22,6
DA:30,1
LF:9
LH:9
BRDA:34,0,0,0
BRDA:34,0,1,6
BRF:2
BRH:1
end_of_record
TN:
SF:src\components\SelectSort.tsx
FN:5,SelectSort
FN:8,hundleValue
FN:18,(anonymous_2)
FNF:3
FNH:3
FNDA:5,SelectSort
FNDA:1,hundleValue
FNDA:1,(anonymous_2)
DA:6,5
DA:9,1
DA:12,5
DA:19,1
LF:4
LH:4
BRF:0
BRH:0
end_of_record
TN:
SF:src\components\Table.tsx
FN:5,Table
FNF:1
FNH:1
FNDA:6,Table
DA:6,6
LF:1
LH:1
BRDA:8,0,0,5
BRDA:8,0,1,1
BRF:2
BRH:2
end_of_record
TN:
SF:src\hooks\useTypeSelector.ts
FNF:0
FNH:0
DA:4,2
LF:1
LH:1
BRF:0
BRH:0
end_of_record
TN:
SF:src\intefaces\interfaces.ts
FNF:0
FNH:0
DA:35,5
DA:36,5
DA:37,5
DA:38,5
DA:39,5
LF:5
LH:5
BRF:0
BRH:0
end_of_record
TN:
SF:src\pages\About.tsx
FN:3,About
FNF:1
FNH:1
FNDA:1,About
DA:4,1
LF:1
LH:1
BRF:0
BRH:0
end_of_record
TN:
SF:src\pages\Main.tsx
FN:12,Main
FN:16,(anonymous_1)
FN:18,handleArticlesPerPage
FN:44,(anonymous_3)
FN:56,paginate
FN:72,(anonymous_5)
FNF:6
FNH:4
FNDA:4,Main
FNDA:8,(anonymous_1)
FNDA:1,handleArticlesPerPage
FNDA:0,(anonymous_3)
FNDA:0,paginate
FNDA:1,(anonymous_5)
DA:13,4
DA:14,4
DA:16,8
DA:19,1
DA:20,0
DA:22,1
DA:26,4
DA:27,4
DA:28,4
DA:30,4
DA:32,4
DA:33,0
DA:34,0
DA:44,0
DA:52,0
DA:57,0
DA:60,4
DA:72,1
LF:18
LH:12
BRDA:19,0,0,0
BRDA:19,0,1,1
BRDA:33,1,0,0
BRDA:33,1,1,0
BRF:4
BRH:1
end_of_record
TN:
SF:src\pages\PageNotFound.tsx
FN:4,PageNotFound
FNF:1
FNH:1
FNDA:1,PageNotFound
DA:5,1
DA:7,1
LF:2
LH:2
BRF:0
BRH:0
end_of_record
TN:
SF:src\services\api.ts
FNF:0
FNH:0
DA:3,2
LF:1
LH:1
BRF:0
BRH:0
end_of_record
TN:
SF:src\store\index.ts
FNF:0
FNH:0
DA:9,3
DA:15,3
LF:2
LH:2
BRF:0
BRH:0
end_of_record
TN:
SF:src\store\action-creator\article.ts
FN:16,(anonymous_0)
FN:17,(anonymous_1)
FN:24,(anonymous_2)
FN:30,(anonymous_3)
FNF:4
FNH:2
FNDA:1,(anonymous_0)
FNDA:1,(anonymous_1)
FNDA:0,(anonymous_2)
FNDA:0,(anonymous_3)
DA:14,2
DA:16,2
DA:17,1
DA:18,1
DA:19,1
DA:20,1
DA:24,0
DA:25,0
DA:26,0
DA:27,0
DA:29,0
DA:30,0
DA:31,0
DA:34,1
LF:14
LH:7
BRF:0
BRH:0
end_of_record
TN:
SF:src\store\action-creator\search-value.ts
FN:4,(anonymous_0)
FN:5,(anonymous_1)
FNF:2
FNH:2
FNDA:1,(anonymous_0)
FNDA:1,(anonymous_1)
DA:4,2
DA:5,1
DA:6,1
LF:3
LH:3
BRF:0
BRH:0
end_of_record
TN:
SF:src\store\action-creator\sort-type.ts
FN:4,(anonymous_0)
FN:5,(anonymous_1)
FNF:2
FNH:2
FNDA:1,(anonymous_0)
FNDA:1,(anonymous_1)
DA:4,2
DA:5,1
DA:6,1
LF:3
LH:3
BRF:0
BRH:0
end_of_record
TN:
SF:src\store\reducers\articlesReducer.ts
FN:13,parse
FN:28,(anonymous_1)
FNF:2
FNH:1
FNDA:0,parse
FNDA:16,(anonymous_1)
DA:10,4
DA:14,0
DA:16,4
DA:17,0
DA:19,4
DA:22,4
DA:28,4
DA:29,16
DA:31,2
DA:33,1
DA:35,2
DA:37,11
LF:12
LH:10
BRDA:16,0,0,0
BRDA:16,0,1,4
BRDA:28,1,0,12
BRDA:29,2,0,2
BRDA:29,2,1,1
BRDA:29,2,2,2
BRDA:29,2,3,11
BRF:7
BRH:6
end_of_record
TN:
SF:src\store\reducers\searchReducer.ts
FN:7,(anonymous_0)
FNF:1
FNH:1
FNDA:14,(anonymous_0)
DA:3,4
DA:7,4
DA:8,14
DA:10,2
DA:12,12
LF:5
LH:5
BRDA:7,0,0,10
BRDA:8,1,0,2
BRDA:8,1,1,12
BRF:3
BRH:3
end_of_record
TN:
SF:src\store\reducers\sortReduce.ts
FN:7,(anonymous_0)
FNF:1
FNH:1
FNDA:13,(anonymous_0)
DA:3,3
DA:7,3
DA:8,13
DA:10,1
DA:12,12
LF:5
LH:5
BRDA:7,0,0,9
BRDA:8,1,0,1
BRDA:8,1,1,12
BRF:3
BRH:3
end_of_record
